2026-03-19 11:38:16,060 - __main__ - INFO - ================================================================================
2026-03-19 11:38:16,061 - __main__ - INFO - KHOI DONG PIPELINE
2026-03-19 11:38:16,061 - __main__ - INFO - ================================================================================
2026-03-19 11:38:16,061 - __main__ - ERROR - Khong tim thay file cau hinh: configs/params.yaml
2026-03-19 11:38:16,062 - __main__ - ERROR - Khong the load cau hinh. Pipeline se chay voi cau hinh mac dinh.
2026-03-19 11:38:16,062 - __main__ - INFO - [OK] Da tao cau hinh mac dinh
2026-03-19 11:38:16,062 - __main__ - INFO - ================================================================================
2026-03-19 11:38:16,063 - __main__ - INFO - KHOI TAO PIPELINE
2026-03-19 11:38:16,063 - __main__ - INFO - Config: configs/params.yaml
2026-03-19 11:38:16,063 - __main__ - INFO - Project: E-commerce Returns Prediction
2026-03-19 11:38:16,064 - __main__ - INFO - ================================================================================
2026-03-19 11:38:16,064 - __main__ - WARNING - [WARN] Pipeline khoi tao voi cau hinh mac dinh do khong tim thay file config
2026-03-19 11:38:16,064 - __main__ - INFO - ================================================================================
2026-03-19 11:38:16,064 - __main__ - INFO - BAT DAU CHAY PIPELINE
2026-03-19 11:38:16,064 - __main__ - INFO - ================================================================================
2026-03-19 11:38:16,065 - __main__ - INFO - 
#################### BUOC 1: Load Data ####################
2026-03-19 11:38:16,065 - __main__ - INFO - 
============================================================
2026-03-19 11:38:16,065 - __main__ - INFO - BUOC 1: LOAD DU LIEU
2026-03-19 11:38:16,065 - __main__ - INFO - ============================================================
2026-03-19 11:38:16,740 - __main__ - WARNING - [WARN] Khong tim thay file du lieu. Tao du lieu mau...
2026-03-19 11:38:16,761 - __main__ - INFO - [OK] Da tao du lieu mau: 1000 dong
2026-03-19 11:38:16,762 - __main__ - INFO - 
#################### BUOC 2: Preprocess ####################
2026-03-19 11:38:16,762 - __main__ - INFO - 
============================================================
2026-03-19 11:38:16,762 - __main__ - INFO - BUOC 2: TIEN XU LY DU LIEU
2026-03-19 11:38:16,762 - __main__ - INFO - ============================================================
2026-03-19 11:38:16,763 - __main__ - INFO - 2.1. Xu ly missing values...
2026-03-19 11:38:16,787 - __main__ - INFO -    Missing: 263 -> 263
2026-03-19 11:38:16,787 - __main__ - INFO - 2.2. Xu ly duplicates...
2026-03-19 11:38:16,800 - __main__ - INFO -    Duplicates: 0 -> 0
2026-03-19 11:38:16,848 - __main__ - INFO - [SAVE] Da luu du lieu da lam sach tai data/processed/cleaned_data.parquet
2026-03-19 11:38:16,849 - __main__ - INFO -    Shape: (1000, 13)
2026-03-19 11:38:16,849 - __main__ - INFO - [OK] Step: Preprocess - Elapsed: 0.79s
2026-03-19 11:38:16,849 - __main__ - INFO - 
#################### BUOC 3: Feature Engineering ####################
2026-03-19 11:38:16,849 - __main__ - INFO - 
============================================================
2026-03-19 11:38:16,850 - __main__ - INFO - BUOC 3: FEATURE ENGINEERING
2026-03-19 11:38:16,850 - __main__ - INFO - ============================================================
2026-03-19 11:38:16,852 - __main__ - INFO -    [OK] Da tao value_per_item
2026-03-19 11:38:16,854 - __main__ - INFO -    [OK] Da tao discount_rate
2026-03-19 11:38:16,855 - __main__ - INFO -    [OK] Da tao shipping_ratio
2026-03-19 11:38:16,861 - __main__ - INFO -    [OK] Da tao time features
2026-03-19 11:38:16,861 - __main__ - INFO - [OK] Da tao 6 features moi: ['value_per_item', 'discount_rate', 'shipping_ratio', 'day_of_week', 'month', 'is_weekend']
2026-03-19 11:38:16,869 - __main__ - INFO - [SAVE] Da luu du lieu features tai data/processed/features_data.parquet
2026-03-19 11:38:16,870 - __main__ - INFO -    Shape: (1000, 19)
2026-03-19 11:38:16,870 - __main__ - INFO - [OK] Step: Feature Engineering - Elapsed: 0.81s
2026-03-19 11:38:16,870 - __main__ - INFO - 
#################### BUOC 4: Mining & Clustering ####################
2026-03-19 11:38:16,871 - __main__ - INFO - 
============================================================
2026-03-19 11:38:16,871 - __main__ - INFO - BUOC 4: MINING & CLUSTERING
2026-03-19 11:38:16,871 - __main__ - INFO - ============================================================
2026-03-19 11:38:18,464 - __main__ - INFO - 4.1. Phan cum khach hang...
2026-03-19 11:38:20,333 - __main__ - INFO -    [OK] Da phan cum 197 khach hang thanh 3 nhom
2026-03-19 11:38:20,347 - __main__ - INFO - 
Thong ke cac cum:
         frequency  avg_order_value     monetary  recency_days
cluster                                                       
0         4.326531       283.636837  1191.889694        5.5000
1         3.470588       182.658431   631.603922       15.0000
2         8.312500       271.406250  2244.913542        3.8125
2026-03-19 11:38:20,347 - __main__ - INFO - [OK] Step: Mining & Clustering - Elapsed: 4.29s
2026-03-19 11:38:20,347 - __main__ - INFO - 
#################### BUOC 5: Supervised Modeling ####################
2026-03-19 11:38:20,347 - __main__ - INFO - 
============================================================
2026-03-19 11:38:20,348 - __main__ - INFO - BUOC 5: SUPERVISED MODELING
2026-03-19 11:38:20,348 - __main__ - INFO - ============================================================
2026-03-19 11:38:20,382 - __main__ - INFO - Features: 7
2026-03-19 11:38:20,384 - __main__ - INFO - Target distribution:
return_flag
0    922
1     78
Name: count, dtype: int64
2026-03-19 11:38:20,391 - __main__ - INFO - Training Random Forest...
2026-03-19 11:38:20,662 - __main__ - INFO - [OK] Accuracy: 0.9200
2026-03-19 11:38:20,662 - __main__ - INFO - [OK] F1 Score: 0.8817
2026-03-19 11:38:20,666 - __main__ - INFO - 
Confusion Matrix:
[[184   0]
 [ 16   0]]
2026-03-19 11:38:20,703 - __main__ - INFO - [SAVE] Da luu feature importance
2026-03-19 11:38:20,710 - __main__ - INFO - 
Top 5 features:
          feature  importance
2   shipping_cost    0.181368
4   discount_rate    0.169845
3  value_per_item    0.165885
5  shipping_ratio    0.159345
0     order_value    0.155931
2026-03-19 11:38:20,711 - __main__ - INFO - [OK] Step: Supervised Modeling - Elapsed: 4.65s
2026-03-19 11:38:20,711 - __main__ - INFO - 
#################### BUOC 6: Semi-supervised ####################
2026-03-19 11:38:20,711 - __main__ - INFO - 
============================================================
2026-03-19 11:38:20,711 - __main__ - INFO - BUOC 6: SEMI-SUPERVISED
2026-03-19 11:38:20,711 - __main__ - INFO - ============================================================
2026-03-19 11:38:20,718 - __main__ - INFO -    Thu voi 5% labeled data...
2026-03-19 11:38:20,791 - __main__ - INFO -       F1 = 0.8766
2026-03-19 11:38:20,791 - __main__ - INFO -    Thu voi 10% labeled data...
2026-03-19 11:38:20,860 - __main__ - INFO -       F1 = 0.8817
2026-03-19 11:38:20,861 - __main__ - INFO -    Thu voi 15% labeled data...
2026-03-19 11:38:20,929 - __main__ - INFO -       F1 = 0.8817
2026-03-19 11:38:20,930 - __main__ - INFO -    Thu voi 20% labeled data...
2026-03-19 11:38:21,007 - __main__ - INFO -       F1 = 0.8792
2026-03-19 11:38:21,007 - __main__ - INFO -    Thu voi 30% labeled data...
2026-03-19 11:38:21,078 - __main__ - INFO -       F1 = 0.8817
2026-03-19 11:38:21,081 - __main__ - INFO - [SAVE] Da luu ket qua semi-supervised
2026-03-19 11:38:21,081 - __main__ - INFO - [OK] Step: Semi-supervised - Elapsed: 5.02s
2026-03-19 11:38:21,081 - __main__ - INFO - 
#################### BUOC 7: Generate Report ####################
2026-03-19 11:38:21,082 - __main__ - INFO - 
============================================================
2026-03-19 11:38:21,082 - __main__ - INFO - BUOC 7: TAO BAO CAO
2026-03-19 11:38:21,082 - __main__ - INFO - ============================================================
2026-03-19 11:38:21,090 - __main__ - INFO - [SAVE] Da luu bao cao tai outputs/reports/pipeline_report.txt
2026-03-19 11:38:21,090 - __main__ - INFO - [OK] Step: Generate Report - Elapsed: 5.03s
2026-03-19 11:38:21,090 - __main__ - INFO - ================================================================================
2026-03-19 11:38:21,090 - __main__ - INFO - KET THUC PIPELINE
2026-03-19 11:38:21,091 - __main__ - INFO - ================================================================================
2026-03-19 11:38:21,091 - __main__ - INFO - [TIME] Tong thoi gian: 5.03 giay (0.08 phut)
2026-03-19 11:38:21,091 - __main__ - INFO - [DATA] So buoc thanh cong: 6/7
2026-03-19 11:38:21,091 - __main__ - INFO - [OK] TAT CA CAC BUOC DEU THANH CONG!
2026-03-19 11:38:21,092 - __main__ - INFO - ================================================================================
2026-03-19 11:38:21,092 - __main__ - INFO - [OK] Pipeline hoan thanh thanh cong!
2026-03-19 11:38:21,092 - __main__ - INFO - ================================================================================
2026-03-19 11:38:21,092 - __main__ - INFO - KET THUC PIPELINE VOI MA 0
2026-03-19 11:38:21,093 - __main__ - INFO - ================================================================================
